<xml>
<paytype>
<type>FOO</type>
<name>bar</name>
<enable>true</enable>
<img>http://onet.pl/</img>
<min>0.0</min>
<max>10.0</max>
</paytype>
<paytype>
<type>BAR</type>
<name>bar</name>
<enable>false</enable>
<img>http://onet.pl/</img>
<min>0.0</min>
<max>10.0</max>
</paytype>
</xml>
